  Opdracht2_TomStoops.cpp
d:\inleiding programeren local\opdracht2\opdracht2_tomstoops\opdracht2_tomstoops\opdracht2_tomstoops_header.h(9): error C4430: missing type specifier - int assumed. Note: C++ does not support default-int
d:\inleiding programeren local\opdracht2\opdracht2_tomstoops\opdracht2_tomstoops\opdracht2_tomstoops_header.h(9): warning C4183: 'Diamond': missing return type; assumed to be a member function returning 'int'
d:\inleiding programeren local\opdracht2\opdracht2_tomstoops\opdracht2_tomstoops\opdracht2_tomstoops_header.h(10): error C2523: 'DiamondClass::~Diamond': destructor tag mismatch
d:\inleiding programeren local\opdracht2\opdracht2_tomstoops\opdracht2_tomstoops\opdracht2_tomstoops.cpp(12): error C2664: 'DiamondClass::DiamondClass(const DiamondClass &)': cannot convert argument 1 from 'int' to 'const DiamondClass &'
  d:\inleiding programeren local\opdracht2\opdracht2_tomstoops\opdracht2_tomstoops\opdracht2_tomstoops.cpp(12): note: Reason: cannot convert from 'int' to 'const DiamondClass'
  d:\inleiding programeren local\opdracht2\opdracht2_tomstoops\opdracht2_tomstoops\opdracht2_tomstoops.cpp(12): note: No constructor could take the source type, or constructor overload resolution was ambiguous
d:\inleiding programeren local\opdracht2\opdracht2_tomstoops\opdracht2_tomstoops\opdracht2_tomstoops.cpp(16): error C2143: syntax error: missing ';' before 'std::cout'
  Opdracht2_TomStoops_Source.cpp
d:\inleiding programeren local\opdracht2\opdracht2_tomstoops\opdracht2_tomstoops\opdracht2_tomstoops_header.h(9): error C4430: missing type specifier - int assumed. Note: C++ does not support default-int
d:\inleiding programeren local\opdracht2\opdracht2_tomstoops\opdracht2_tomstoops\opdracht2_tomstoops_header.h(9): warning C4183: 'Diamond': missing return type; assumed to be a member function returning 'int'
d:\inleiding programeren local\opdracht2\opdracht2_tomstoops\opdracht2_tomstoops\opdracht2_tomstoops_header.h(10): error C2523: 'DiamondClass::~Diamond': destructor tag mismatch
d:\inleiding programeren local\opdracht2\opdracht2_tomstoops\opdracht2_tomstoops\opdracht2_tomstoops_source.cpp(8): error C2556: 'void DiamondClass::Diamond(int)': overloaded function differs only by return type from 'int DiamondClass::Diamond(int)'
  d:\inleiding programeren local\opdracht2\opdracht2_tomstoops\opdracht2_tomstoops\opdracht2_tomstoops_header.h(9): note: see declaration of 'DiamondClass::Diamond'
d:\inleiding programeren local\opdracht2\opdracht2_tomstoops\opdracht2_tomstoops\opdracht2_tomstoops_source.cpp(8): error C2371: 'DiamondClass::Diamond': redefinition; different basic types
  d:\inleiding programeren local\opdracht2\opdracht2_tomstoops\opdracht2_tomstoops\opdracht2_tomstoops_header.h(9): note: see declaration of 'DiamondClass::Diamond'
d:\inleiding programeren local\opdracht2\opdracht2_tomstoops\opdracht2_tomstoops\opdracht2_tomstoops_source.cpp(26): error C2523: 'DiamondClass::~Diamond': destructor tag mismatch
d:\inleiding programeren local\opdracht2\opdracht2_tomstoops\opdracht2_tomstoops\opdracht2_tomstoops_source.cpp(26): error C2511: 'void DiamondClass::Diamond(void)': overloaded member function not found in 'DiamondClass'
  d:\inleiding programeren local\opdracht2\opdracht2_tomstoops\opdracht2_tomstoops\opdracht2_tomstoops_header.h(7): note: see declaration of 'DiamondClass'
  Generating Code...
